BFGSLineSearch:   0[  0]  15:50:25   -52947.667309       3.4513
BFGSLineSearch:   1[  2]  18:31:26   -52948.471682       1.3313
BFGSLineSearch:   2[  4]  20:57:10   -52949.651406       4.5371
BFGSLineSearch:   3[  6]  00:02:29   -52950.236722       2.7683
BFGSLineSearch:   4[  8]  02:36:29   -52951.147829       2.6186
BFGSLineSearch:   5[ 10]  05:00:49   -52951.925709       1.5055
BFGSLineSearch:   6[ 12]  07:15:00   -52952.256775       0.8663
BFGSLineSearch:   7[ 14]  08:32:41   -52952.336209       0.5439
BFGSLineSearch:   8[ 15]  09:07:11   -52952.379895       0.5176
BFGSLineSearch:   9[ 16]  09:42:54   -52952.405697       0.3212
BFGSLineSearch:  10[ 18]  10:32:37   -52952.417507       0.1843
BFGSLineSearch:  11[ 19]  11:01:53   -52952.429935       0.1689
BFGSLineSearch:  12[ 21]  11:55:26   -52952.444577       0.2263
BFGSLineSearch:  13[ 22]  12:24:17   -52952.452131       0.2146
BFGSLineSearch:  14[ 23]  12:51:43   -52952.463608       0.1019
BFGSLineSearch:  15[ 24]  13:21:13   -52952.476812       0.1857
BFGSLineSearch:  16[ 25]  13:50:23   -52952.494463       0.2141
BFGSLineSearch:  17[ 26]  14:22:58   -52952.505782       0.1585
BFGSLineSearch:  18[ 28]  15:25:16   -52952.509351       0.0761
BFGSLineSearch:  19[ 29]  15:50:48   -52952.511360       0.0644
BFGSLineSearch:  20[ 30]  16:11:00   -52952.511958       0.0509
BFGSLineSearch:  21[ 31]  16:30:42   -52952.512238       0.0322
