BFGSLineSearch:   0[  0]  23:15:14   -51026.823566       1.6586
BFGSLineSearch:   1[  2]  01:49:41   -51027.734165       0.4264
BFGSLineSearch:   2[  3]  02:35:15   -51027.786913       0.3152
BFGSLineSearch:   3[  6]  05:35:25   -51027.823247       0.4346
BFGSLineSearch:   4[  9]  08:56:52   -51028.048144       0.9686
BFGSLineSearch:   5[ 13]  14:31:58   -51029.569846       4.6771
BFGSLineSearch:   6[ 15]  17:25:23   -51029.597217       4.9646
BFGSLineSearch:   7[ 17]  19:15:33   -51031.072239       5.5854
BFGSLineSearch:   8[ 18]  20:31:38   -51032.688212       4.7220
BFGSLineSearch:   9[ 20]  22:19:15   -51034.321859       4.2341
BFGSLineSearch:  10[ 22]  00:08:24   -51035.462575       3.6372
BFGSLineSearch:  11[ 23]  01:03:51   -51037.203765       4.3308
BFGSLineSearch:  12[ 24]  01:57:43   -51037.924847       5.7061
BFGSLineSearch:  13[ 25]  02:51:15   -51038.894568       3.3768
BFGSLineSearch:  14[ 27]  04:53:52   -51039.619998       3.8275
BFGSLineSearch:  15[ 29]  06:49:35   -51040.335561       1.8026
BFGSLineSearch:  16[ 31]  08:36:24   -51040.783654       2.2021
BFGSLineSearch:  17[ 33]  10:21:37   -51040.995247       1.5017
BFGSLineSearch:  18[ 35]  12:00:41   -51041.200523       1.3895
BFGSLineSearch:  19[ 36]  12:47:52   -51041.332277       1.2784
BFGSLineSearch:  20[ 37]  13:33:43   -51041.500783       0.7240
BFGSLineSearch:  21[ 38]  14:12:07   -51041.597708       0.8216
BFGSLineSearch:  22[ 39]  14:56:00   -51041.712842       0.8481
BFGSLineSearch:  23[ 40]  15:45:33   -51041.872648       1.3824
BFGSLineSearch:  24[ 41]  16:36:52   -51041.993534       2.1937
BFGSLineSearch:  25[ 42]  17:29:54   -51042.234004       1.3981
BFGSLineSearch:  26[ 43]  18:24:42   -51042.626691       2.0456
BFGSLineSearch:  27[ 45]  20:02:41   -51042.781147       0.9528
