BFGSLineSearch:   0[  0]  12:09:39   -49747.473293       1.3618
BFGSLineSearch:   1[  2]  15:12:10   -49747.693167       1.1373
BFGSLineSearch:   2[  4]  18:10:12   -49747.784804       0.5019
BFGSLineSearch:   0[  0]  21:10:08   -49747.785213       0.5035
BFGSLineSearch:   1[  2]  23:28:40   -49747.811974       0.4896
BFGSLineSearch:   2[  4]  01:45:04   -49747.863689       0.2657
BFGSLineSearch:   3[  5]  02:37:09   -49747.884403       0.2296
BFGSLineSearch:   4[  6]  03:32:25   -49747.905936       0.1763
BFGSLineSearch:   5[  7]  04:23:13   -49747.915062       0.2068
BFGSLineSearch:   6[  8]  05:10:48   -49747.921483       0.0771
BFGSLineSearch:   7[  9]  05:56:14   -49747.924614       0.0636
BFGSLineSearch:   8[ 10]  06:42:01   -49747.926671       0.0756
BFGSLineSearch:   9[ 11]  07:28:15   -49747.928752       0.0963
BFGSLineSearch:  10[ 14]  10:55:34   -49747.934560       0.2378
BFGSLineSearch:  11[ 18]  15:56:03   -49747.989111       1.4713
BFGSLineSearch:  12[ 20]  18:32:18   -49747.994098       1.6243
BFGSLineSearch:  13[ 23]  22:23:55   -49748.084137       1.5878
BFGSLineSearch:  14[ 24]  23:45:37   -49748.266765       0.7533
BFGSLineSearch:  15[ 25]  00:58:46   -49748.337406       0.3018
BFGSLineSearch:  16[ 27]  03:13:20   -49748.375847       0.3202
BFGSLineSearch:  17[ 28]  04:10:01   -49748.402664       0.1521
BFGSLineSearch:  18[ 29]  05:04:55   -49748.421146       0.1767
BFGSLineSearch:  19[ 30]  06:12:21   -49748.433674       0.1053
BFGSLineSearch:  20[ 31]  06:57:56   -49748.439445       0.0928
BFGSLineSearch:  21[ 32]  07:46:25   -49748.444975       0.0628
BFGSLineSearch:  22[ 33]  08:34:51   -49748.447703       0.0548
BFGSLineSearch:  23[ 34]  09:25:12   -49748.450069       0.0463
