BFGSLineSearch:   0[  0]  23:07:27   -50570.212847       1.4926
BFGSLineSearch:   1[  2]  01:36:24   -50571.466151       0.7222
BFGSLineSearch:   2[  3]  02:27:13   -50571.711647       0.9446
BFGSLineSearch:   3[  6]  05:25:32   -50571.940334       1.3542
BFGSLineSearch:   4[ 10]  08:55:00   -50575.199255       5.3412
BFGSLineSearch:   5[ 12]  12:03:29   -50575.268809       5.9234
BFGSLineSearch:   6[ 13]  12:59:49   -50576.822322       4.3245
BFGSLineSearch:   7[ 15]  15:20:50   -50578.196436       3.3742
BFGSLineSearch:   8[ 17]  17:12:28   -50579.259782       1.4650
BFGSLineSearch:   9[ 18]  18:07:13   -50579.993529       1.0787
BFGSLineSearch:  10[ 20]  19:34:39   -50580.270880       1.0528
BFGSLineSearch:  11[ 22]  20:57:31   -50580.455330       1.4249
BFGSLineSearch:  12[ 24]  22:32:52   -50580.523315       1.0870
BFGSLineSearch:  13[ 26]  23:58:23   -50580.633114       0.5512
BFGSLineSearch:  14[ 27]  00:44:02   -50580.722710       0.5110
BFGSLineSearch:  15[ 28]  01:45:54   -50580.798362       0.6490
BFGSLineSearch:  16[ 30]  03:37:05   -50580.904095       0.6737
BFGSLineSearch:  17[ 32]  06:02:03   -50581.174851       1.3082
BFGSLineSearch:  18[ 35]  08:09:40   -50581.503185       1.8899
BFGSLineSearch:  19[ 37]  09:51:32   -50582.014580       2.1967
BFGSLineSearch:  20[ 38]  10:44:14   -50582.979520       1.5353
BFGSLineSearch:  21[ 40]  12:31:14   -50583.171898       1.1516
BFGSLineSearch:  22[ 42]  14:07:07   -50583.514015       0.8600
BFGSLineSearch:  23[ 43]  14:49:57   -50583.633619       0.8685
BFGSLineSearch:  24[ 44]  15:26:00   -50583.704979       0.4845
BFGSLineSearch:  25[ 45]  16:07:02   -50583.771746       0.4151
BFGSLineSearch:  26[ 46]  16:52:52   -50583.833063       0.3416
BFGSLineSearch:  27[ 47]  17:24:16   -50583.881705       0.2599
BFGSLineSearch:  28[ 48]  18:03:33   -50583.906683       0.2327
BFGSLineSearch:  29[ 49]  18:35:13   -50583.915945       0.1949
BFGSLineSearch:  30[ 50]  19:03:26   -50583.922367       0.0897
BFGSLineSearch:  31[ 51]  19:33:22   -50583.926819       0.1087
BFGSLineSearch:  32[ 52]  20:01:31   -50583.931590       0.0938
BFGSLineSearch:  33[ 53]  20:28:25   -50583.935196       0.0703
