BFGSLineSearch:   0[  0]  23:18:32   -51023.860928       3.0215
BFGSLineSearch:   1[  2]  00:59:33   -51024.398800       1.2379
BFGSLineSearch:   2[  3]  01:49:38   -51024.821839       0.9426
BFGSLineSearch:   3[  6]  04:14:24   -51026.138957       1.2972
BFGSLineSearch:   4[  8]  05:41:19   -51026.489686       1.7446
BFGSLineSearch:   5[  9]  06:41:17   -51028.044797       3.5030
BFGSLineSearch:   6[ 12]  09:37:35   -51029.842732       5.6937
BFGSLineSearch:   7[ 15]  12:24:42   -51030.762789       7.3529
BFGSLineSearch:   8[ 17]  14:22:33   -51032.118916       4.2843
BFGSLineSearch:   9[ 19]  16:05:36   -51033.260666       2.9170
BFGSLineSearch:  10[ 20]  17:12:32   -51035.404896       5.4266
BFGSLineSearch:  11[ 21]  18:18:55   -51036.812645       5.5013
BFGSLineSearch:  12[ 23]  20:01:13   -51038.047796       6.7623
BFGSLineSearch:  13[ 24]  20:52:33   -51039.093730       5.5235
BFGSLineSearch:  14[ 26]  22:45:57   -51039.756131       2.6350
BFGSLineSearch:  15[ 28]  00:38:57   -51040.161689       1.4313
BFGSLineSearch:  16[ 30]  02:05:42   -51040.371704       1.4967
BFGSLineSearch:  17[ 31]  02:53:51   -51040.503789       1.1059
BFGSLineSearch:  18[ 32]  03:32:03   -51040.658680       0.7195
BFGSLineSearch:  19[ 33]  04:15:06   -51040.810056       0.9756
BFGSLineSearch:  20[ 36]  06:54:38   -51041.270601       2.3450
BFGSLineSearch:  21[ 37]  07:53:06   -51041.531867       2.8503
BFGSLineSearch:  22[ 39]  09:41:58   -51041.789761       2.6011
BFGSLineSearch:  23[ 40]  10:31:18   -51042.436203       1.0831
BFGSLineSearch:  24[ 41]  11:19:00   -51042.693883       1.8363
BFGSLineSearch:  25[ 42]  12:01:33   -51042.851321       0.9437
BFGSLineSearch:  26[ 44]  13:22:24   -51042.913995       0.9441
BFGSLineSearch:  27[ 46]  14:40:08   -51042.993556       0.7180
BFGSLineSearch:  28[ 47]  15:23:06   -51043.076390       1.0573
BFGSLineSearch:  29[ 48]  16:11:06   -51043.175965       0.6717
BFGSLineSearch:  30[ 49]  16:59:08   -51043.266692       0.7621
BFGSLineSearch:  31[ 50]  17:42:56   -51043.350908       0.3436
BFGSLineSearch:  32[ 51]  18:28:24   -51043.413557       0.5942
BFGSLineSearch:  33[ 52]  19:09:29   -51043.456691       0.5369
BFGSLineSearch:  34[ 53]  19:51:42   -51043.503693       0.3212
BFGSLineSearch:  35[ 54]  20:33:34   -51043.545159       0.2826
BFGSLineSearch:  36[ 55]  21:14:02   -51043.572583       0.3595
