/home/sanand94/che185b-drm/src/ase/ase/utils/geometry.py:8: UserWarning: Moved to ase.geometry and ase.build
  warnings.warn('Moved to ase.geometry and ase.build')
/home/sanand94/che185b-drm/src/ase/ase/lattice/spacegroup.py:5: UserWarning: Moved to ase.spacegroup
  warnings.warn('Moved to ase.spacegroup')
/home/sanand94/che185b-drm/src/ase/ase/lattice/surface.py:17: UserWarning: Moved to ase.build
  warnings.warn('Moved to ase.build')
[sh-5-2.local:34131] mca: base: component_find: unable to open /home/vossj/suncat/lib/openmpi/mca_mtl_psm: libpsm_infinipath.so.1: cannot open shared object file: No such file or directory (ignored)
[sh-5-2.local:34130] mca: base: component_find: unable to open /home/vossj/suncat/lib/openmpi/mca_mtl_psm: libpsm_infinipath.so.1: cannot open shared object file: No such file or directory (ignored)
[sh-5-2.local:34118] mca: base: component_find: unable to open /home/vossj/suncat/lib/openmpi/mca_mtl_psm: libpsm_infinipath.so.1: cannot open shared object file: No such file or directory (ignored)
[sh-5-2.local:34119] mca: base: component_find: unable to open /home/vossj/suncat/lib/openmpi/mca_mtl_psm: libpsm_infinipath.so.1: cannot open shared object file: No such file or directory (ignored)
[sh-5-2.local:34120] mca: base: component_find: unable to open /home/vossj/suncat/lib/openmpi/mca_mtl_psm: libpsm_infinipath.so.1: cannot open shared object file: No such file or directory (ignored)
[sh-5-2.local:34121] mca: base: component_find: unable to open /home/vossj/suncat/lib/openmpi/mca_mtl_psm: libpsm_infinipath.so.1: cannot open shared object file: No such file or directory (ignored)
[sh-5-2.local:34122] mca: base: component_find: unable to open /home/vossj/suncat/lib/openmpi/mca_mtl_psm: libpsm_infinipath.so.1: cannot open shared object file: No such file or directory (ignored)
[sh-5-2.local:34123] mca: base: component_find: unable to open /home/vossj/suncat/lib/openmpi/mca_mtl_psm: libpsm_infinipath.so.1: cannot open shared object file: No such file or directory (ignored)
[sh-5-2.local:34124] mca: base: component_find: unable to open /home/vossj/suncat/lib/openmpi/mca_mtl_psm: libpsm_infinipath.so.1: cannot open shared object file: No such file or directory (ignored)
[sh-5-2.local:34125] mca: base: component_find: unable to open /home/vossj/suncat/lib/openmpi/mca_mtl_psm: libpsm_infinipath.so.1: cannot open shared object file: No such file or directory (ignored)
[sh-5-2.local:34126] mca: base: component_find: unable to open /home/vossj/suncat/lib/openmpi/mca_mtl_psm: libpsm_infinipath.so.1: cannot open shared object file: No such file or directory (ignored)
[sh-5-2.local:34127] mca: base: component_find: unable to open /home/vossj/suncat/lib/openmpi/mca_mtl_psm: libpsm_infinipath.so.1: cannot open shared object file: No such file or directory (ignored)
[sh-5-2.local:34128] mca: base: component_find: unable to open /home/vossj/suncat/lib/openmpi/mca_mtl_psm: libpsm_infinipath.so.1: cannot open shared object file: No such file or directory (ignored)
[sh-5-2.local:34129] mca: base: component_find: unable to open /home/vossj/suncat/lib/openmpi/mca_mtl_psm: libpsm_infinipath.so.1: cannot open shared object file: No such file or directory (ignored)
[sh-5-2.local:34132] mca: base: component_find: unable to open /home/vossj/suncat/lib/openmpi/mca_mtl_psm: libpsm_infinipath.so.1: cannot open shared object file: No such file or directory (ignored)
[sh-5-2.local:34133] mca: base: component_find: unable to open /home/vossj/suncat/lib/openmpi/mca_mtl_psm: libpsm_infinipath.so.1: cannot open shared object file: No such file or directory (ignored)
