BFGSLineSearch:   0[  0]  17:45:16   -50569.834414       1.8096
BFGSLineSearch:   1[  1]  19:24:04   -50571.333965       1.8200
BFGSLineSearch:   2[  3]  21:02:30   -50571.661402       0.8481
BFGSLineSearch:   3[  4]  21:52:08   -50571.850523       0.7145
BFGSLineSearch:   4[  8]  02:23:29   -50573.658824       4.5385
BFGSLineSearch:   5[ 10]  04:28:04   -50573.799365       5.5676
BFGSLineSearch:   6[ 13]  07:11:55   -50574.734552       5.2717
BFGSLineSearch:   7[ 15]  09:49:52   -50576.195319       4.1972
BFGSLineSearch:   8[ 17]  11:55:15   -50577.664821       4.4536
BFGSLineSearch:   9[ 19]  13:54:08   -50578.784296       3.5494
BFGSLineSearch:  10[ 21]  15:54:06   -50579.611306       2.3033
BFGSLineSearch:  11[ 23]  18:18:35   -50579.921150       1.8052
BFGSLineSearch:  12[ 25]  20:28:58   -50580.189701       1.1595
BFGSLineSearch:  13[ 26]  21:28:17   -50580.438122       0.7766
BFGSLineSearch:  14[ 27]  22:14:12   -50580.550795       1.0253
BFGSLineSearch:  15[ 28]  22:55:27   -50580.652527       0.6219
BFGSLineSearch:  16[ 29]  23:37:11   -50580.714986       0.8273
BFGSLineSearch:  17[ 30]  00:21:08   -50580.756372       0.4947
BFGSLineSearch:  18[ 31]  00:57:12   -50580.805109       0.3876
BFGSLineSearch:  19[ 32]  01:49:09   -50580.856956       0.5112
BFGSLineSearch:  20[ 34]  03:38:16   -50581.003805       0.7722
BFGSLineSearch:  21[ 35]  04:23:12   -50581.080695       0.8517
BFGSLineSearch:  22[ 36]  05:11:36   -50581.256906       0.4912
BFGSLineSearch:  23[ 37]  06:07:03   -50581.381365       0.5846
BFGSLineSearch:  24[ 38]  06:42:38   -50581.466206       0.4718
BFGSLineSearch:  25[ 39]  07:22:58   -50581.587537       0.8210
BFGSLineSearch:  26[ 40]  08:07:53   -50581.689784       1.2467
BFGSLineSearch:  27[ 41]  08:52:14   -50581.823963       1.6876
BFGSLineSearch:  28[ 42]  09:35:24   -50582.276144       1.4333
BFGSLineSearch:  29[ 45]  13:18:40   -50583.506794       1.9733
BFGSLineSearch:  30[ 47]  15:27:03   -50583.738575       1.9114
