Traceback (most recent call last):
  File "/var/spool/slurmd/job21104270/slurm_script", line 14, in <module>
    from ase.constraints import *
  File "/home/sanand94/che185b-drm/src/ase/ase/__init__.py", line 8, in <module>
    import numpy as np
  File "/home/sanand94/.local/lib/python2.7/site-packages/numpy/__init__.py", line 142, in <module>
    from . import add_newdocs
  File "/home/sanand94/.local/lib/python2.7/site-packages/numpy/add_newdocs.py", line 13, in <module>
    from numpy.lib import add_newdoc
  File "/home/sanand94/.local/lib/python2.7/site-packages/numpy/lib/__init__.py", line 8, in <module>
    from .type_check import *
  File "/home/sanand94/.local/lib/python2.7/site-packages/numpy/lib/type_check.py", line 11, in <module>
    import numpy.core.numeric as _nx
  File "/home/sanand94/.local/lib/python2.7/site-packages/numpy/core/__init__.py", line 26, in <module>
    raise ImportError(msg)
ImportError: 
Importing the multiarray numpy extension module failed.  Most
likely you are trying to import a failed build of numpy.
If you're working with a numpy git repo, try `git clean -xdf` (removes all
files not under version control).  Otherwise reinstall numpy.

Original error was: /home/sanand94/.local/lib/python2.7/site-packages/numpy/core/multiarray.so: undefined symbol: PyUnicodeUCS4_FromObject

