/home/sanand94/che185b-drm/src/ase/ase/utils/geometry.py:8: UserWarning: Moved to ase.geometry and ase.build
  warnings.warn('Moved to ase.geometry and ase.build')
/home/sanand94/che185b-drm/src/ase/ase/lattice/spacegroup.py:5: UserWarning: Moved to ase.spacegroup
  warnings.warn('Moved to ase.spacegroup')
/home/sanand94/che185b-drm/src/ase/ase/lattice/surface.py:17: UserWarning: Moved to ase.build
  warnings.warn('Moved to ase.build')
[sh-2-29.local:42142] mca: base: component_find: unable to open /home/vossj/suncat/lib/openmpi/mca_mtl_psm: libpsm_infinipath.so.1: cannot open shared object file: No such file or directory (ignored)
[sh-2-29.local:42130] mca: base: component_find: unable to open /home/vossj/suncat/lib/openmpi/mca_mtl_psm: libpsm_infinipath.so.1: cannot open shared object file: No such file or directory (ignored)
[sh-2-29.local:42135] mca: base: component_find: unable to open /home/vossj/suncat/lib/openmpi/mca_mtl_psm: libpsm_infinipath.so.1: cannot open shared object file: No such file or directory (ignored)
[sh-2-29.local:42136] mca: base: component_find: unable to open /home/vossj/suncat/lib/openmpi/mca_mtl_psm: libpsm_infinipath.so.1: cannot open shared object file: No such file or directory (ignored)
[sh-2-29.local:42139] mca: base: component_find: unable to open /home/vossj/suncat/lib/openmpi/mca_mtl_psm: libpsm_infinipath.so.1: cannot open shared object file: No such file or directory (ignored)
[sh-2-29.local:42133] mca: base: component_find: unable to open /home/vossj/suncat/lib/openmpi/mca_mtl_psm: libpsm_infinipath.so.1: cannot open shared object file: No such file or directory (ignored)
[sh-2-29.local:42127] mca: base: component_find: unable to open /home/vossj/suncat/lib/openmpi/mca_mtl_psm: libpsm_infinipath.so.1: cannot open shared object file: No such file or directory (ignored)
[sh-2-29.local:42132] mca: base: component_find: unable to open /home/vossj/suncat/lib/openmpi/mca_mtl_psm: libpsm_infinipath.so.1: cannot open shared object file: No such file or directory (ignored)
[sh-2-29.local:42134] mca: base: component_find: unable to open /home/vossj/suncat/lib/openmpi/mca_mtl_psm: libpsm_infinipath.so.1: cannot open shared object file: No such file or directory (ignored)
[sh-2-29.local:42137] mca: base: component_find: unable to open /home/vossj/suncat/lib/openmpi/mca_mtl_psm: libpsm_infinipath.so.1: cannot open shared object file: No such file or directory (ignored)
[sh-2-29.local:42141] mca: base: component_find: unable to open /home/vossj/suncat/lib/openmpi/mca_mtl_psm: libpsm_infinipath.so.1: cannot open shared object file: No such file or directory (ignored)
[sh-2-29.local:42138] mca: base: component_find: unable to open /home/vossj/suncat/lib/openmpi/mca_mtl_psm: libpsm_infinipath.so.1: cannot open shared object file: No such file or directory (ignored)
[sh-2-29.local:42131] mca: base: component_find: unable to open /home/vossj/suncat/lib/openmpi/mca_mtl_psm: libpsm_infinipath.so.1: cannot open shared object file: No such file or directory (ignored)
[sh-2-29.local:42140] mca: base: component_find: unable to open /home/vossj/suncat/lib/openmpi/mca_mtl_psm: libpsm_infinipath.so.1: cannot open shared object file: No such file or directory (ignored)
[sh-2-29.local:42128] mca: base: component_find: unable to open /home/vossj/suncat/lib/openmpi/mca_mtl_psm: libpsm_infinipath.so.1: cannot open shared object file: No such file or directory (ignored)
[sh-2-29.local:42129] mca: base: component_find: unable to open /home/vossj/suncat/lib/openmpi/mca_mtl_psm: libpsm_infinipath.so.1: cannot open shared object file: No such file or directory (ignored)
slurmstepd: error: *** JOB 13588564 ON sh-2-29 CANCELLED AT 2017-03-20T15:46:07 DUE TO TIME LIMIT ***
