BFGSLineSearch:   0[  0]  17:56:55   -51026.783763       1.8804
BFGSLineSearch:   1[  2]  23:10:53   -51027.771382       0.5102
BFGSLineSearch:   2[  4]  01:00:22   -51027.872659       0.3112
BFGSLineSearch:   3[  5]  02:45:57   -51027.895027       0.3624
BFGSLineSearch:   4[  9]  08:00:11   -51028.257047       1.6493
BFGSLineSearch:   5[ 13]  12:26:59   -51029.036058       6.0155
BFGSLineSearch:   6[ 15]  15:51:40   -51029.072964       6.6207
BFGSLineSearch:   7[ 18]  20:07:58   -51030.385070       5.7362
BFGSLineSearch:   8[ 20]  22:31:34   -51032.333901       4.8802
BFGSLineSearch:   9[ 22]  01:17:23   -51034.041746       4.2560
BFGSLineSearch:  10[ 23]  02:14:58   -51035.465388       3.7156
BFGSLineSearch:  11[ 24]  03:19:47   -51037.040197       4.1653
BFGSLineSearch:  12[ 25]  04:17:44   -51038.102070       2.6607
BFGSLineSearch:  13[ 26]  05:20:26   -51039.053357       3.3458
BFGSLineSearch:  14[ 28]  07:16:21   -51039.752887       2.8562
BFGSLineSearch:  15[ 30]  09:13:52   -51040.134928       1.2056
BFGSLineSearch:  16[ 31]  10:12:34   -51040.463298       1.1235
BFGSLineSearch:  17[ 33]  11:34:59   -51040.567601       1.0404
BFGSLineSearch:  18[ 35]  12:55:03   -51040.639672       0.5330
BFGSLineSearch:  19[ 37]  14:02:53   -51040.666792       0.4412
BFGSLineSearch:  20[ 38]  14:39:09   -51040.695966       0.3177
BFGSLineSearch:  21[ 39]  15:11:27   -51040.723905       0.1979
BFGSLineSearch:  22[ 40]  15:43:35   -51040.740196       0.2359
