/home/sanand94/che185b-drm/src/ase/ase/utils/geometry.py:8: UserWarning: Moved to ase.geometry and ase.build
  warnings.warn('Moved to ase.geometry and ase.build')
/home/sanand94/che185b-drm/src/ase/ase/lattice/spacegroup.py:5: UserWarning: Moved to ase.spacegroup
  warnings.warn('Moved to ase.spacegroup')
/home/sanand94/che185b-drm/src/ase/ase/lattice/surface.py:17: UserWarning: Moved to ase.build
  warnings.warn('Moved to ase.build')
[sh-3-28.local:39484] mca: base: component_find: unable to open /home/vossj/suncat/lib/openmpi/mca_mtl_psm: libpsm_infinipath.so.1: cannot open shared object file: No such file or directory (ignored)
[sh-3-28.local:39474] mca: base: component_find: unable to open /home/vossj/suncat/lib/openmpi/mca_mtl_psm: libpsm_infinipath.so.1: cannot open shared object file: No such file or directory (ignored)
[sh-3-28.local:39473] mca: base: component_find: unable to open /home/vossj/suncat/lib/openmpi/mca_mtl_psm: libpsm_infinipath.so.1: cannot open shared object file: No such file or directory (ignored)
[sh-3-28.local:39475] mca: base: component_find: unable to open /home/vossj/suncat/lib/openmpi/mca_mtl_psm: libpsm_infinipath.so.1: cannot open shared object file: No such file or directory (ignored)
[sh-3-28.local:39478] mca: base: component_find: unable to open /home/vossj/suncat/lib/openmpi/mca_mtl_psm: libpsm_infinipath.so.1: cannot open shared object file: No such file or directory (ignored)
[sh-3-28.local:39479] mca: base: component_find: unable to open /home/vossj/suncat/lib/openmpi/mca_mtl_psm: libpsm_infinipath.so.1: cannot open shared object file: No such file or directory (ignored)
[sh-3-28.local:39480] mca: base: component_find: unable to open /home/vossj/suncat/lib/openmpi/mca_mtl_psm: libpsm_infinipath.so.1: cannot open shared object file: No such file or directory (ignored)
[sh-3-28.local:39483] mca: base: component_find: unable to open /home/vossj/suncat/lib/openmpi/mca_mtl_psm: libpsm_infinipath.so.1: cannot open shared object file: No such file or directory (ignored)
[sh-3-28.local:39485] mca: base: component_find: unable to open /home/vossj/suncat/lib/openmpi/mca_mtl_psm: libpsm_infinipath.so.1: cannot open shared object file: No such file or directory (ignored)
[sh-3-28.local:39488] mca: base: component_find: unable to open /home/vossj/suncat/lib/openmpi/mca_mtl_psm: libpsm_infinipath.so.1: cannot open shared object file: No such file or directory (ignored)
[sh-3-28.local:39489] mca: base: component_find: unable to open /home/vossj/suncat/lib/openmpi/mca_mtl_psm: libpsm_infinipath.so.1: cannot open shared object file: No such file or directory (ignored)
[sh-3-28.local:39491] mca: base: component_find: unable to open /home/vossj/suncat/lib/openmpi/mca_mtl_psm: libpsm_infinipath.so.1: cannot open shared object file: No such file or directory (ignored)
[sh-3-28.local:39494] mca: base: component_find: unable to open /home/vossj/suncat/lib/openmpi/mca_mtl_psm: libpsm_infinipath.so.1: cannot open shared object file: No such file or directory (ignored)
[sh-3-28.local:39495] mca: base: component_find: unable to open /home/vossj/suncat/lib/openmpi/mca_mtl_psm: libpsm_infinipath.so.1: cannot open shared object file: No such file or directory (ignored)
[sh-3-28.local:39496] mca: base: component_find: unable to open /home/vossj/suncat/lib/openmpi/mca_mtl_psm: libpsm_infinipath.so.1: cannot open shared object file: No such file or directory (ignored)
[sh-3-28.local:39497] mca: base: component_find: unable to open /home/vossj/suncat/lib/openmpi/mca_mtl_psm: libpsm_infinipath.so.1: cannot open shared object file: No such file or directory (ignored)
