/home/sanand94/che185b-drm/src/ase/ase/utils/geometry.py:8: UserWarning: Moved to ase.geometry and ase.build
  warnings.warn('Moved to ase.geometry and ase.build')
/home/sanand94/che185b-drm/src/ase/ase/lattice/spacegroup.py:5: UserWarning: Moved to ase.spacegroup
  warnings.warn('Moved to ase.spacegroup')
/home/sanand94/che185b-drm/src/ase/ase/lattice/surface.py:17: UserWarning: Moved to ase.build
  warnings.warn('Moved to ase.build')
[sh-2-33.local:15307] mca: base: component_find: unable to open /home/vossj/suncat/lib/openmpi/mca_mtl_psm: libpsm_infinipath.so.1: cannot open shared object file: No such file or directory (ignored)
[sh-2-33.local:15305] mca: base: component_find: unable to open /home/vossj/suncat/lib/openmpi/mca_mtl_psm: libpsm_infinipath.so.1: cannot open shared object file: No such file or directory (ignored)
[sh-2-33.local:15309] mca: base: component_find: unable to open /home/vossj/suncat/lib/openmpi/mca_mtl_psm: libpsm_infinipath.so.1: cannot open shared object file: No such file or directory (ignored)
[sh-2-33.local:15311] mca: base: component_find: unable to open /home/vossj/suncat/lib/openmpi/mca_mtl_psm: libpsm_infinipath.so.1: cannot open shared object file: No such file or directory (ignored)
[sh-2-33.local:15301] mca: base: component_find: unable to open /home/vossj/suncat/lib/openmpi/mca_mtl_psm: libpsm_infinipath.so.1: cannot open shared object file: No such file or directory (ignored)
[sh-2-33.local:15303] mca: base: component_find: unable to open /home/vossj/suncat/lib/openmpi/mca_mtl_psm: libpsm_infinipath.so.1: cannot open shared object file: No such file or directory (ignored)
[sh-2-33.local:15310] mca: base: component_find: unable to open /home/vossj/suncat/lib/openmpi/mca_mtl_psm: libpsm_infinipath.so.1: cannot open shared object file: No such file or directory (ignored)
[sh-2-33.local:15304] mca: base: component_find: unable to open /home/vossj/suncat/lib/openmpi/mca_mtl_psm: libpsm_infinipath.so.1: cannot open shared object file: No such file or directory (ignored)
[sh-2-33.local:15306] mca: base: component_find: unable to open /home/vossj/suncat/lib/openmpi/mca_mtl_psm: libpsm_infinipath.so.1: cannot open shared object file: No such file or directory (ignored)
[sh-2-33.local:15313] mca: base: component_find: unable to open /home/vossj/suncat/lib/openmpi/mca_mtl_psm: libpsm_infinipath.so.1: cannot open shared object file: No such file or directory (ignored)
[sh-2-33.local:15308] mca: base: component_find: unable to open /home/vossj/suncat/lib/openmpi/mca_mtl_psm: libpsm_infinipath.so.1: cannot open shared object file: No such file or directory (ignored)
[sh-2-33.local:15302] mca: base: component_find: unable to open /home/vossj/suncat/lib/openmpi/mca_mtl_psm: libpsm_infinipath.so.1: cannot open shared object file: No such file or directory (ignored)
[sh-2-33.local:15298] mca: base: component_find: unable to open /home/vossj/suncat/lib/openmpi/mca_mtl_psm: libpsm_infinipath.so.1: cannot open shared object file: No such file or directory (ignored)
[sh-2-33.local:15300] mca: base: component_find: unable to open /home/vossj/suncat/lib/openmpi/mca_mtl_psm: libpsm_infinipath.so.1: cannot open shared object file: No such file or directory (ignored)
[sh-2-33.local:15312] mca: base: component_find: unable to open /home/vossj/suncat/lib/openmpi/mca_mtl_psm: libpsm_infinipath.so.1: cannot open shared object file: No such file or directory (ignored)
[sh-2-33.local:15299] mca: base: component_find: unable to open /home/vossj/suncat/lib/openmpi/mca_mtl_psm: libpsm_infinipath.so.1: cannot open shared object file: No such file or directory (ignored)
