BFGSLineSearch:   0[  0]  11:55:32   -49448.622421       3.4691
BFGSLineSearch:   1[  2]  14:51:34   -49448.966270       0.9315
BFGSLineSearch:   2[  3]  15:49:40   -49449.036225       0.7820
BFGSLineSearch:   3[  4]  16:43:21   -49449.065497       0.1917
BFGSLineSearch:   4[  5]  17:39:39   -49449.084066       0.1691
BFGSLineSearch:   5[  7]  19:16:13   -49449.096417       0.2784
BFGSLineSearch:   6[ 13]  02:47:10   -49449.734905       2.6658
BFGSLineSearch:   7[ 15]  05:44:28   -49449.738513       2.7153
BFGSLineSearch:   8[ 17]  07:52:06   -49450.009444       1.1668
BFGSLineSearch:   9[ 18]  08:58:34   -49450.272695       1.1187
BFGSLineSearch:  10[ 19]  10:07:16   -49450.487054       0.5883
BFGSLineSearch:  11[ 20]  11:03:31   -49450.547237       0.6174
BFGSLineSearch:  12[ 21]  12:12:12   -49450.578626       0.5308
BFGSLineSearch:  13[ 22]  13:01:24   -49450.602972       0.2234
BFGSLineSearch:  14[ 23]  13:56:58   -49450.627232       0.3470
BFGSLineSearch:  15[ 27]  20:00:26   -49450.833641       1.9572
BFGSLineSearch:  16[ 30]  00:33:37   -49450.842397       2.0882
BFGSLineSearch:  17[ 32]  03:00:29   -49451.080848       1.0899
BFGSLineSearch:  18[ 33]  04:19:15   -49451.305082       0.8760
BFGSLineSearch:  19[ 34]  05:27:46   -49451.356157       0.7712
BFGSLineSearch:  20[ 35]  06:33:38   -49451.395827       0.4653
BFGSLineSearch:  21[ 36]  07:20:50   -49451.419930       0.2416
BFGSLineSearch:  22[ 37]  08:10:01   -49451.436395       0.1452
BFGSLineSearch:  23[ 38]  08:54:45   -49451.444701       0.1463
