BFGSLineSearch:   0[  0]  00:16:07   -38664.382770      44.7662
BFGSLineSearch:   1[  2]  00:46:37   -38739.032673      23.8633
BFGSLineSearch:   2[  4]  01:16:57   -38807.759517      20.0827
BFGSLineSearch:   3[  6]  01:49:03   -38819.913663      21.4737
BFGSLineSearch:   4[  7]  02:05:22   -38834.706442      24.3636
BFGSLineSearch:   5[  9]  02:39:46   -38868.604645      20.7872
BFGSLineSearch:   6[ 13]  03:47:54   -38918.428427      10.7201
BFGSLineSearch:   7[ 16]  04:41:43   -38940.434626      10.3141
BFGSLineSearch:   8[ 18]  05:19:53   -38952.769824       5.2795
BFGSLineSearch:   9[ 20]  05:57:53   -38961.518849       3.1757
BFGSLineSearch:  10[ 21]  06:19:39   -38962.931301       7.9100
BFGSLineSearch:  11[ 23]  07:02:43   -38966.711546       4.0086
BFGSLineSearch:  12[ 25]  07:40:45   -38967.435270       3.6425
BFGSLineSearch:  13[ 26]  08:03:00   -38968.316231       1.8124
BFGSLineSearch:  14[ 27]  08:23:53   -38968.755243       3.2633
BFGSLineSearch:  15[ 28]  08:45:41   -38969.279074       3.5384
BFGSLineSearch:  16[ 37]  13:32:36   -38978.331086      17.1658
BFGSLineSearch:  17[ 39]  15:14:24   -38979.271519      18.3654
BFGSLineSearch:  18[ 47]  04:04:58   -38991.325124       8.7780
BFGSLineSearch:   0[  0]  15:47:44   -38994.399262       9.3315
BFGSLineSearch:   1[  1]  16:28:41   -39001.273496       5.8291
BFGSLineSearch:   2[  2]  17:04:41   -39005.889721       3.6649
BFGSLineSearch:   3[  4]  18:25:13   -39009.163579       3.0896
BFGSLineSearch:   4[  5]  18:57:55   -39010.414125       1.4610
BFGSLineSearch:   5[  6]  19:28:02   -39011.265532       1.5682
BFGSLineSearch:   6[  7]  19:57:53   -39011.954421       0.8717
BFGSLineSearch:   7[  8]  20:29:09   -39012.641181       0.7678
BFGSLineSearch:   8[  9]  20:58:26   -39013.210969       0.9990
BFGSLineSearch:   9[ 10]  21:33:07   -39013.740104       1.1356
BFGSLineSearch:  10[ 11]  22:04:46   -39014.378168       1.2628
BFGSLineSearch:  11[ 12]  22:40:35   -39014.968892       1.2268
BFGSLineSearch:  12[ 13]  23:09:03   -39015.380581       0.7545
BFGSLineSearch:  13[ 14]  23:36:37   -39015.606984       0.7115
BFGSLineSearch:  14[ 15]  00:04:00   -39015.815948       0.4415
BFGSLineSearch:  15[ 17]  00:57:03   -39016.031110       0.6955
BFGSLineSearch:  16[ 19]  01:53:09   -39016.393015       0.7565
BFGSLineSearch:  17[ 21]  03:02:35   -39016.840340       0.6429
BFGSLineSearch:  18[ 22]  03:43:29   -39017.024617       0.4002
BFGSLineSearch:  19[ 23]  04:09:18   -39017.122198       0.3619
BFGSLineSearch:  20[ 24]  04:33:18   -39017.167752       0.3328
BFGSLineSearch:  21[ 25]  04:52:16   -39017.198905       0.2094
BFGSLineSearch:  22[ 26]  05:08:58   -39017.215355       0.1251
BFGSLineSearch:  23[ 27]  05:24:13   -39017.225925       0.0902
BFGSLineSearch:  24[ 28]  05:37:57   -39017.231685       0.0680
BFGSLineSearch:  25[ 29]  05:52:31   -39017.236394       0.0562
BFGSLineSearch:  26[ 30]  06:06:22   -39017.240036       0.0536
BFGSLineSearch:  27[ 31]  06:20:16   -39017.242854       0.0436
