BFGSLineSearch:   0[  0]  22:30:42   -53105.432193       2.8951
BFGSLineSearch:   1[  2]  01:29:08   -53106.461052       0.7199
BFGSLineSearch:   2[  3]  02:18:33   -53106.930078       0.8953
BFGSLineSearch:   3[  6]  06:39:42   -53108.189431       1.6409
BFGSLineSearch:   4[  8]  09:27:13   -53108.456200       1.7404
BFGSLineSearch:   5[  9]  10:49:12   -53109.583788       1.6561
BFGSLineSearch:   6[ 11]  13:07:43   -53110.348294       1.0535
BFGSLineSearch:   7[ 12]  14:10:22   -53110.513131       0.9703
BFGSLineSearch:   8[ 13]  15:03:14   -53110.669186       0.5420
BFGSLineSearch:   9[ 14]  15:54:40   -53110.733410       0.5077
BFGSLineSearch:  10[ 15]  16:39:03   -53110.784128       0.2630
BFGSLineSearch:  11[ 16]  17:21:50   -53110.798747       0.3018
BFGSLineSearch:  12[ 17]  17:51:17   -53110.818560       0.1705
BFGSLineSearch:  13[ 18]  18:23:52   -53110.835678       0.3008
BFGSLineSearch:  14[ 19]  18:54:22   -53110.855554       0.2741
BFGSLineSearch:  15[ 20]  19:25:58   -53110.875962       0.2209
BFGSLineSearch:  16[ 21]  19:56:41   -53110.890100       0.1883
BFGSLineSearch:  17[ 22]  20:27:18   -53110.901554       0.1743
BFGSLineSearch:  18[ 23]  20:57:41   -53110.913341       0.1483
BFGSLineSearch:  19[ 24]  21:30:44   -53110.924152       0.1463
BFGSLineSearch:  20[ 25]  21:57:47   -53110.928915       0.1452
BFGSLineSearch:  21[ 26]  22:26:08   -53110.933203       0.1015
BFGSLineSearch:  22[ 28]  23:16:40   -53110.934968       0.0608
BFGSLineSearch:  23[ 35]  01:23:11   -53110.935405       0.0603
BFGSLineSearch:  24[ 37]  02:04:47   -53110.935734       0.0359
