BFGSLineSearch:   0[  0]  06:38:11   -39402.341868       3.7918
BFGSLineSearch:   1[  1]  07:46:11   -39404.549770       2.2127
BFGSLineSearch:   2[  3]  09:58:15   -39404.793397       1.6328
BFGSLineSearch:   3[  4]  10:55:04   -39405.070435       0.7972
BFGSLineSearch:   4[  6]  12:17:45   -39405.227703       0.3911
BFGSLineSearch:   5[  8]  13:53:27   -39405.282747       0.3432
BFGSLineSearch:   6[ 10]  15:33:38   -39405.353367       0.5696
BFGSLineSearch:   7[ 13]  18:26:25   -39405.464984       0.5741
BFGSLineSearch:   8[ 15]  20:20:05   -39405.532608       0.4178
BFGSLineSearch:   9[ 17]  21:57:40   -39405.555360       0.4279
BFGSLineSearch:  10[ 18]  22:51:45   -39405.596804       0.3222
BFGSLineSearch:  11[ 20]  00:35:16   -39405.652017       0.3443
BFGSLineSearch:  12[ 22]  02:32:07   -39405.810499       0.7455
BFGSLineSearch:  13[ 23]  03:29:01   -39405.923889       1.4086
BFGSLineSearch:  14[ 25]  05:43:30   -39406.065575       0.8591
BFGSLineSearch:  15[ 27]  07:32:31   -39406.188771       0.5712
BFGSLineSearch:  16[ 28]  08:25:31   -39406.256848       0.4197
BFGSLineSearch:  17[ 29]  10:25:54   -39406.306926       0.2137
BFGSLineSearch:  18[ 30]  11:03:27   -39406.320675       0.0834
BFGSLineSearch:  19[ 31]  11:36:22   -39406.326154       0.0558
BFGSLineSearch:  20[ 32]  12:05:58   -39406.327650       0.0437
