BFGSLineSearch:   0[  0]  22:57:07   -50568.267983       1.4502
BFGSLineSearch:   1[  1]  23:43:36   -50568.648994       1.8891
BFGSLineSearch:   2[  2]  00:27:07   -50568.949708       1.3789
BFGSLineSearch:   3[  4]  02:08:08   -50570.831216       1.9481
BFGSLineSearch:   4[  6]  03:42:04   -50571.098439       2.4393
BFGSLineSearch:   5[  7]  04:28:59   -50571.961958       2.7113
BFGSLineSearch:   6[ 11]  07:34:13   -50574.453836       3.1283
BFGSLineSearch:   7[ 13]  09:19:32   -50575.235980       6.2409
BFGSLineSearch:   8[ 15]  11:06:29   -50576.263652       4.4760
BFGSLineSearch:   9[ 16]  12:06:29   -50577.966822       5.3460
BFGSLineSearch:  10[ 18]  13:51:16   -50579.117391       2.3920
BFGSLineSearch:  11[ 20]  15:31:56   -50579.899582       2.4542
BFGSLineSearch:  12[ 22]  17:14:26   -50580.646103       1.5671
BFGSLineSearch:  13[ 23]  18:04:36   -50581.370311       2.5668
BFGSLineSearch:  14[ 24]  18:49:08   -50582.001641       1.9728
BFGSLineSearch:  15[ 25]  19:35:46   -50582.513003       1.8127
BFGSLineSearch:  16[ 26]  20:22:58   -50582.848982       2.3748
BFGSLineSearch:  17[ 27]  21:05:11   -50583.156457       1.0233
BFGSLineSearch:  18[ 28]  21:47:42   -50583.359682       1.0714
BFGSLineSearch:  19[ 29]  22:30:14   -50583.641308       0.9512
BFGSLineSearch:  20[ 31]  00:01:19   -50583.856630       0.7818
BFGSLineSearch:  21[ 33]  01:20:36   -50583.992626       0.6350
BFGSLineSearch:  22[ 34]  02:04:37   -50584.076509       1.0394
BFGSLineSearch:  23[ 35]  02:39:04   -50584.173960       0.7063
BFGSLineSearch:  24[ 36]  03:15:05   -50584.243196       0.5746
BFGSLineSearch:  25[ 37]  03:52:12   -50584.309404       0.6772
BFGSLineSearch:  26[ 39]  05:08:02   -50584.383238       0.7950
BFGSLineSearch:  27[ 40]  05:42:40   -50584.485934       0.6876
BFGSLineSearch:  28[ 41]  06:31:53   -50584.656345       0.8845
BFGSLineSearch:  29[ 42]  07:29:26   -50584.825249       1.4819
BFGSLineSearch:  30[ 43]  08:17:45   -50585.093891       1.2466
BFGSLineSearch:  31[ 45]  09:57:18   -50585.286991       0.9583
BFGSLineSearch:  32[ 47]  11:49:31   -50585.405371       0.7560
BFGSLineSearch:  33[ 48]  12:30:45   -50585.522802       0.9147
BFGSLineSearch:  34[ 49]  13:08:25   -50585.609184       0.7713
BFGSLineSearch:  35[ 50]  13:44:12   -50585.679715       0.4713
BFGSLineSearch:  36[ 51]  14:27:22   -50585.759541       0.4711
BFGSLineSearch:  37[ 52]  15:15:31   -50585.814545       1.1972
BFGSLineSearch:  38[ 53]  16:01:43   -50585.931287       0.9060
BFGSLineSearch:  39[ 54]  16:48:19   -50586.045995       0.5185
BFGSLineSearch:  40[ 56]  18:06:28   -50586.086575       0.7034
BFGSLineSearch:  41[ 58]  19:32:04   -50586.136955       0.2746
BFGSLineSearch:  42[ 59]  20:02:59   -50586.168012       0.2103
BFGSLineSearch:  43[ 60]  20:33:33   -50586.191298       0.2288
BFGSLineSearch:  44[ 61]  21:07:29   -50586.216945       0.2212
