/home/sanand94/che185b-drm/src/ase/ase/utils/geometry.py:8: UserWarning: Moved to ase.geometry and ase.build
  warnings.warn('Moved to ase.geometry and ase.build')
/home/sanand94/che185b-drm/src/ase/ase/lattice/spacegroup.py:5: UserWarning: Moved to ase.spacegroup
  warnings.warn('Moved to ase.spacegroup')
/home/sanand94/che185b-drm/src/ase/ase/lattice/surface.py:17: UserWarning: Moved to ase.build
  warnings.warn('Moved to ase.build')
[sh-2-7.local:13619] mca: base: component_find: unable to open /home/vossj/suncat/lib/openmpi/mca_mtl_psm: libpsm_infinipath.so.1: cannot open shared object file: No such file or directory (ignored)
[sh-2-7.local:13617] mca: base: component_find: unable to open /home/vossj/suncat/lib/openmpi/mca_mtl_psm: libpsm_infinipath.so.1: cannot open shared object file: No such file or directory (ignored)
[sh-2-7.local:13615] mca: base: component_find: unable to open /home/vossj/suncat/lib/openmpi/mca_mtl_psm: libpsm_infinipath.so.1: cannot open shared object file: No such file or directory (ignored)
[sh-2-7.local:13611] mca: base: component_find: unable to open /home/vossj/suncat/lib/openmpi/mca_mtl_psm: libpsm_infinipath.so.1: cannot open shared object file: No such file or directory (ignored)
[sh-2-7.local:13618] mca: base: component_find: unable to open /home/vossj/suncat/lib/openmpi/mca_mtl_psm: libpsm_infinipath.so.1: cannot open shared object file: No such file or directory (ignored)
[sh-2-7.local:13605] mca: base: component_find: unable to open /home/vossj/suncat/lib/openmpi/mca_mtl_psm: libpsm_infinipath.so.1: cannot open shared object file: No such file or directory (ignored)
[sh-2-7.local:13608] mca: base: component_find: unable to open /home/vossj/suncat/lib/openmpi/mca_mtl_psm: libpsm_infinipath.so.1: cannot open shared object file: No such file or directory (ignored)
[sh-2-7.local:13612] mca: base: component_find: unable to open /home/vossj/suncat/lib/openmpi/mca_mtl_psm: libpsm_infinipath.so.1: cannot open shared object file: No such file or directory (ignored)
[sh-2-7.local:13609] mca: base: component_find: unable to open /home/vossj/suncat/lib/openmpi/mca_mtl_psm: libpsm_infinipath.so.1: cannot open shared object file: No such file or directory (ignored)
[sh-2-7.local:13613] mca: base: component_find: unable to open /home/vossj/suncat/lib/openmpi/mca_mtl_psm: libpsm_infinipath.so.1: cannot open shared object file: No such file or directory (ignored)
[sh-2-7.local:13622] mca: base: component_find: unable to open /home/vossj/suncat/lib/openmpi/mca_mtl_psm: libpsm_infinipath.so.1: cannot open shared object file: No such file or directory (ignored)
[sh-2-7.local:13610] mca: base: component_find: unable to open /home/vossj/suncat/lib/openmpi/mca_mtl_psm: libpsm_infinipath.so.1: cannot open shared object file: No such file or directory (ignored)
[sh-2-7.local:13616] mca: base: component_find: unable to open /home/vossj/suncat/lib/openmpi/mca_mtl_psm: libpsm_infinipath.so.1: cannot open shared object file: No such file or directory (ignored)
[sh-2-7.local:13607] mca: base: component_find: unable to open /home/vossj/suncat/lib/openmpi/mca_mtl_psm: libpsm_infinipath.so.1: cannot open shared object file: No such file or directory (ignored)
[sh-2-7.local:13614] mca: base: component_find: unable to open /home/vossj/suncat/lib/openmpi/mca_mtl_psm: libpsm_infinipath.so.1: cannot open shared object file: No such file or directory (ignored)
[sh-2-7.local:13606] mca: base: component_find: unable to open /home/vossj/suncat/lib/openmpi/mca_mtl_psm: libpsm_infinipath.so.1: cannot open shared object file: No such file or directory (ignored)
